Determining if the pthread_create exist failed with the following output:
Change Dir: /home/nvuletic/git-nexylmao/modbus-simulator-cpp/cmake-build-debug/CMakeFiles/CMakeTmp

Run Build Command(s):/usr/bin/make cmTC_52ffe/fast 
/usr/bin/make -f CMakeFiles/cmTC_52ffe.dir/build.make CMakeFiles/cmTC_52ffe.dir/build
make[1]: Entering directory '/home/nvuletic/git-nexylmao/modbus-simulator-cpp/cmake-build-debug/CMakeFiles/CMakeTmp'
Building C object CMakeFiles/cmTC_52ffe.dir/CheckSymbolExists.c.o
/usr/bin/cc    -o CMakeFiles/cmTC_52ffe.dir/CheckSymbolExists.c.o   -c /home/nvuletic/git-nexylmao/modbus-simulator-cpp/cmake-build-debug/CMakeFiles/CMakeTmp/CheckSymbolExists.c
Linking C executable cmTC_52ffe
/snap/clion/82/bin/cmake/linux/bin/cmake -E cmake_link_script CMakeFiles/cmTC_52ffe.dir/link.txt --verbose=1
/usr/bin/cc      CMakeFiles/cmTC_52ffe.dir/CheckSymbolExists.c.o  -o cmTC_52ffe 
/usr/bin/ld: CMakeFiles/cmTC_52ffe.dir/CheckSymbolExists.c.o: in function `main':
CheckSymbolExists.c:(.text+0x1b): undefined reference to `pthread_create'
collect2: error: ld returned 1 exit status
make[1]: *** [CMakeFiles/cmTC_52ffe.dir/build.make:87: cmTC_52ffe] Error 1
make[1]: Leaving directory '/home/nvuletic/git-nexylmao/modbus-simulator-cpp/cmake-build-debug/CMakeFiles/CMakeTmp'
make: *** [Makefile:121: cmTC_52ffe/fast] Error 2

File /home/nvuletic/git-nexylmao/modbus-simulator-cpp/cmake-build-debug/CMakeFiles/CMakeTmp/CheckSymbolExists.c:
/* */
#include <pthread.h>

int main(int argc, char** argv)
{
  (void)argv;
#ifndef pthread_create
  return ((int*)(&pthread_create))[argc];
#else
  (void)argc;
  return 0;
#endif
}

Determining if the function pthread_create exists in the pthreads failed with the following output:
Change Dir: /home/nvuletic/git-nexylmao/modbus-simulator-cpp/cmake-build-debug/CMakeFiles/CMakeTmp

Run Build Command(s):/usr/bin/make cmTC_e75b7/fast 
/usr/bin/make -f CMakeFiles/cmTC_e75b7.dir/build.make CMakeFiles/cmTC_e75b7.dir/build
make[1]: Entering directory '/home/nvuletic/git-nexylmao/modbus-simulator-cpp/cmake-build-debug/CMakeFiles/CMakeTmp'
Building C object CMakeFiles/cmTC_e75b7.dir/CheckFunctionExists.c.o
/usr/bin/cc   -DCHECK_FUNCTION_EXISTS=pthread_create   -o CMakeFiles/cmTC_e75b7.dir/CheckFunctionExists.c.o   -c /snap/clion/82/bin/cmake/linux/share/cmake-3.14/Modules/CheckFunctionExists.c
Linking C executable cmTC_e75b7
/snap/clion/82/bin/cmake/linux/bin/cmake -E cmake_link_script CMakeFiles/cmTC_e75b7.dir/link.txt --verbose=1
/usr/bin/cc  -DCHECK_FUNCTION_EXISTS=pthread_create    CMakeFiles/cmTC_e75b7.dir/CheckFunctionExists.c.o  -o cmTC_e75b7 -lpthreads 
/usr/bin/ld: cannot find -lpthreads
collect2: error: ld returned 1 exit status
make[1]: *** [CMakeFiles/cmTC_e75b7.dir/build.make:87: cmTC_e75b7] Error 1
make[1]: Leaving directory '/home/nvuletic/git-nexylmao/modbus-simulator-cpp/cmake-build-debug/CMakeFiles/CMakeTmp'
make: *** [Makefile:121: cmTC_e75b7/fast] Error 2


